<?xml version="1.0" encoding="UTF-8"?>
<testsuite xmlns:xsi="http://www.w3.org/2001/XMLSchema-instance" xsi:noNamespaceSchemaLocation="https://maven.apache.org/surefire/maven-surefire-plugin/xsd/surefire-test-report-3.0.xsd" version="3.0" name="junit.CRUDTest" time="8.262" tests="3" errors="0" skipped="0" failures="0">
  <properties>
[...]
</properties>
  <testcase name="getAll" classname="junit.CRUDTest" time="0.432"/>
  <testcase name="remove" classname="junit.CRUDTest" time="0.223"/>
  <testcase name="update" classname="junit.CRUDTest" time="0.039"/>
</testsuite>